{"name":"hexo","hostname":"walter-notebook","pid":3623,"level":20,"msg":"Hexo version: \u001b[35m3.1.1\u001b[39m","time":"2016-02-01T19:34:17.684Z","v":0}
{"name":"hexo","hostname":"walter-notebook","pid":3623,"level":20,"msg":"Working directory: \u001b[35m/var/www/walternascimentobarroso.github.io/\u001b[39m","time":"2016-02-01T19:34:17.689Z","v":0}
{"name":"hexo","hostname":"walter-notebook","pid":3623,"level":20,"msg":"Config loaded: \u001b[35m/var/www/walternascimentobarroso.github.io/_config.yml\u001b[39m","time":"2016-02-01T19:34:17.887Z","v":0}
{"name":"hexo","hostname":"walter-notebook","pid":3623,"level":20,"msg":"Plugin loaded: \u001b[35mhexo-generator-archive\u001b[39m","time":"2016-02-01T19:34:17.908Z","v":0}
{"name":"hexo","hostname":"walter-notebook","pid":3623,"level":20,"msg":"Plugin loaded: \u001b[35mhexo-generator-category\u001b[39m","time":"2016-02-01T19:34:17.914Z","v":0}
{"name":"hexo","hostname":"walter-notebook","pid":3623,"level":20,"msg":"Plugin loaded: \u001b[35mhexo-generator-index\u001b[39m","time":"2016-02-01T19:34:17.921Z","v":0}
{"name":"hexo","hostname":"walter-notebook","pid":3623,"level":20,"msg":"Plugin loaded: \u001b[35mhexo-generator-tag\u001b[39m","time":"2016-02-01T19:34:17.927Z","v":0}
{"name":"hexo","hostname":"walter-notebook","pid":3623,"level":20,"msg":"Plugin loaded: \u001b[35mhexo-renderer-ejs\u001b[39m","time":"2016-02-01T19:34:17.934Z","v":0}
{"name":"hexo","hostname":"walter-notebook","pid":3623,"level":20,"msg":"Plugin loaded: \u001b[35mhexo-renderer-stylus\u001b[39m","time":"2016-02-01T19:34:18.170Z","v":0}
{"name":"hexo","hostname":"walter-notebook","pid":3623,"level":20,"msg":"Plugin loaded: \u001b[35mhexo-renderer-marked\u001b[39m","time":"2016-02-01T19:34:18.277Z","v":0}
{"name":"hexo","hostname":"walter-notebook","pid":3623,"level":20,"msg":"Plugin loaded: \u001b[35mhexo-server\u001b[39m","time":"2016-02-01T19:34:18.445Z","v":0}
{"name":"hexo","hostname":"walter-notebook","pid":3623,"level":20,"msg":"Loading database.","time":"2016-02-01T19:34:18.455Z","v":0}
{"name":"hexo","hostname":"walter-notebook","pid":3623,"level":20,"msg":"Unchanged: \u001b[35msource/_posts/Instalando-NodeJs.md\u001b[39m","time":"2016-02-01T19:34:18.576Z","v":0}
{"name":"hexo","hostname":"walter-notebook","pid":3623,"level":20,"msg":"Unchanged: \u001b[35msource/_posts/hello-world.md\u001b[39m","time":"2016-02-01T19:34:18.576Z","v":0}
{"name":"hexo","hostname":"walter-notebook","pid":3623,"level":20,"msg":"Processed: \u001b[35m_posts/Instalando-NodeJs.md\u001b[39m","time":"2016-02-01T19:34:18.580Z","v":0}
{"name":"hexo","hostname":"walter-notebook","pid":3623,"level":20,"msg":"Processed: \u001b[35m_posts/hello-world.md\u001b[39m","time":"2016-02-01T19:34:18.581Z","v":0}
{"name":"hexo","hostname":"walter-notebook","pid":3623,"level":20,"msg":"Unchanged: \u001b[35mthemes/spfk/README.md\u001b[39m","time":"2016-02-01T19:34:18.753Z","v":0}
{"name":"hexo","hostname":"walter-notebook","pid":3623,"level":20,"msg":"Unchanged: \u001b[35mthemes/spfk/_config.yml\u001b[39m","time":"2016-02-01T19:34:18.754Z","v":0}
{"name":"hexo","hostname":"walter-notebook","pid":3623,"level":20,"msg":"Unchanged: \u001b[35mthemes/spfk/languages/de.yml\u001b[39m","time":"2016-02-01T19:34:18.755Z","v":0}
{"name":"hexo","hostname":"walter-notebook","pid":3623,"level":20,"msg":"Unchanged: \u001b[35mthemes/spfk/languages/default.yml\u001b[39m","time":"2016-02-01T19:34:18.755Z","v":0}
{"name":"hexo","hostname":"walter-notebook","pid":3623,"level":20,"msg":"Unchanged: \u001b[35mthemes/spfk/languages/en.yml\u001b[39m","time":"2016-02-01T19:34:18.756Z","v":0}
{"name":"hexo","hostname":"walter-notebook","pid":3623,"level":20,"msg":"Unchanged: \u001b[35mthemes/spfk/languages/fr-FR.yml\u001b[39m","time":"2016-02-01T19:34:18.756Z","v":0}
{"name":"hexo","hostname":"walter-notebook","pid":3623,"level":20,"msg":"Unchanged: \u001b[35mthemes/spfk/languages/ru.yml\u001b[39m","time":"2016-02-01T19:34:18.756Z","v":0}
{"name":"hexo","hostname":"walter-notebook","pid":3623,"level":20,"msg":"Unchanged: \u001b[35mthemes/spfk/languages/zh-Hans.yml\u001b[39m","time":"2016-02-01T19:34:18.757Z","v":0}
{"name":"hexo","hostname":"walter-notebook","pid":3623,"level":20,"msg":"Unchanged: \u001b[35mthemes/spfk/languages/zh-hk.yml\u001b[39m","time":"2016-02-01T19:34:18.757Z","v":0}
{"name":"hexo","hostname":"walter-notebook","pid":3623,"level":20,"msg":"Unchanged: \u001b[35mthemes/spfk/languages/zh-tw.yml\u001b[39m","time":"2016-02-01T19:34:18.757Z","v":0}
{"name":"hexo","hostname":"walter-notebook","pid":3623,"level":20,"msg":"Unchanged: \u001b[35mthemes/spfk/languages/zh.yml\u001b[39m","time":"2016-02-01T19:34:18.758Z","v":0}
{"name":"hexo","hostname":"walter-notebook","pid":3623,"level":20,"msg":"Unchanged: \u001b[35mthemes/spfk/layout/_partial/after-footer.ejs\u001b[39m","time":"2016-02-01T19:34:18.758Z","v":0}
{"name":"hexo","hostname":"walter-notebook","pid":3623,"level":20,"msg":"Unchanged: \u001b[35mthemes/spfk/layout/_partial/archive-post.ejs\u001b[39m","time":"2016-02-01T19:34:18.758Z","v":0}
{"name":"hexo","hostname":"walter-notebook","pid":3623,"level":20,"msg":"Unchanged: \u001b[35mthemes/spfk/layout/_partial/archive.ejs\u001b[39m","time":"2016-02-01T19:34:18.758Z","v":0}
{"name":"hexo","hostname":"walter-notebook","pid":3623,"level":20,"msg":"Unchanged: \u001b[35mthemes/spfk/layout/_partial/article.ejs\u001b[39m","time":"2016-02-01T19:34:18.759Z","v":0}
{"name":"hexo","hostname":"walter-notebook","pid":3623,"level":20,"msg":"Unchanged: \u001b[35mthemes/spfk/layout/_partial/background.ejs\u001b[39m","time":"2016-02-01T19:34:18.759Z","v":0}
{"name":"hexo","hostname":"walter-notebook","pid":3623,"level":20,"msg":"Unchanged: \u001b[35mthemes/spfk/layout/_partial/bodybackground.ejs\u001b[39m","time":"2016-02-01T19:34:18.759Z","v":0}
{"name":"hexo","hostname":"walter-notebook","pid":3623,"level":20,"msg":"Unchanged: \u001b[35mthemes/spfk/layout/_partial/case.swig\u001b[39m","time":"2016-02-01T19:34:18.760Z","v":0}
{"name":"hexo","hostname":"walter-notebook","pid":3623,"level":20,"msg":"Unchanged: \u001b[35mthemes/spfk/layout/_partial/comments/disqus.ejs\u001b[39m","time":"2016-02-01T19:34:18.761Z","v":0}
{"name":"hexo","hostname":"walter-notebook","pid":3623,"level":20,"msg":"Unchanged: \u001b[35mthemes/spfk/layout/_partial/comments/duoshuo.ejs\u001b[39m","time":"2016-02-01T19:34:18.762Z","v":0}
{"name":"hexo","hostname":"walter-notebook","pid":3623,"level":20,"msg":"Unchanged: \u001b[35mthemes/spfk/layout/_partial/comments/youyan.ejs\u001b[39m","time":"2016-02-01T19:34:18.762Z","v":0}
{"name":"hexo","hostname":"walter-notebook","pid":3623,"level":20,"msg":"Unchanged: \u001b[35mthemes/spfk/layout/_partial/footer.ejs\u001b[39m","time":"2016-02-01T19:34:18.762Z","v":0}
{"name":"hexo","hostname":"walter-notebook","pid":3623,"level":20,"msg":"Unchanged: \u001b[35mthemes/spfk/layout/_partial/google-analytics.ejs\u001b[39m","time":"2016-02-01T19:34:18.762Z","v":0}
{"name":"hexo","hostname":"walter-notebook","pid":3623,"level":20,"msg":"Unchanged: \u001b[35mthemes/spfk/layout/_partial/head.ejs\u001b[39m","time":"2016-02-01T19:34:18.763Z","v":0}
{"name":"hexo","hostname":"walter-notebook","pid":3623,"level":20,"msg":"Unchanged: \u001b[35mthemes/spfk/layout/_partial/header.ejs\u001b[39m","time":"2016-02-01T19:34:18.763Z","v":0}
{"name":"hexo","hostname":"walter-notebook","pid":3623,"level":20,"msg":"Unchanged: \u001b[35mthemes/spfk/layout/_partial/hide-labels.ejs\u001b[39m","time":"2016-02-01T19:34:18.763Z","v":0}
{"name":"hexo","hostname":"walter-notebook","pid":3623,"level":20,"msg":"Unchanged: \u001b[35mthemes/spfk/layout/_partial/left-col.ejs\u001b[39m","time":"2016-02-01T19:34:18.763Z","v":0}
{"name":"hexo","hostname":"walter-notebook","pid":3623,"level":20,"msg":"Unchanged: \u001b[35mthemes/spfk/layout/_partial/mathjax.ejs\u001b[39m","time":"2016-02-01T19:34:18.764Z","v":0}
{"name":"hexo","hostname":"walter-notebook","pid":3623,"level":20,"msg":"Unchanged: \u001b[35mthemes/spfk/layout/_partial/mobile-nav.ejs\u001b[39m","time":"2016-02-01T19:34:18.765Z","v":0}
{"name":"hexo","hostname":"walter-notebook","pid":3623,"level":20,"msg":"Unchanged: \u001b[35mthemes/spfk/layout/_partial/page.ejs\u001b[39m","time":"2016-02-01T19:34:18.765Z","v":0}
{"name":"hexo","hostname":"walter-notebook","pid":3623,"level":20,"msg":"Unchanged: \u001b[35mthemes/spfk/layout/_partial/plugin.swig\u001b[39m","time":"2016-02-01T19:34:18.765Z","v":0}
{"name":"hexo","hostname":"walter-notebook","pid":3623,"level":20,"msg":"Unchanged: \u001b[35mthemes/spfk/layout/_partial/post/TipTitle.ejs\u001b[39m","time":"2016-02-01T19:34:18.766Z","v":0}
{"name":"hexo","hostname":"walter-notebook","pid":3623,"level":20,"msg":"Unchanged: \u001b[35mthemes/spfk/layout/_partial/post/baidu-share.ejs\u001b[39m","time":"2016-02-01T19:34:18.766Z","v":0}
{"name":"hexo","hostname":"walter-notebook","pid":3623,"level":20,"msg":"Unchanged: \u001b[35mthemes/spfk/layout/_partial/post/baidu_analytics.ejs\u001b[39m","time":"2016-02-01T19:34:18.766Z","v":0}
{"name":"hexo","hostname":"walter-notebook","pid":3623,"level":20,"msg":"Unchanged: \u001b[35mthemes/spfk/layout/_partial/post/category.ejs\u001b[39m","time":"2016-02-01T19:34:18.767Z","v":0}
{"name":"hexo","hostname":"walter-notebook","pid":3623,"level":20,"msg":"Unchanged: \u001b[35mthemes/spfk/layout/_partial/post/date.ejs\u001b[39m","time":"2016-02-01T19:34:18.767Z","v":0}
{"name":"hexo","hostname":"walter-notebook","pid":3623,"level":20,"msg":"Unchanged: \u001b[35mthemes/spfk/layout/_partial/post/loading.ejs\u001b[39m","time":"2016-02-01T19:34:18.767Z","v":0}
{"name":"hexo","hostname":"walter-notebook","pid":3623,"level":20,"msg":"Unchanged: \u001b[35mthemes/spfk/layout/_partial/post/nav.ejs\u001b[39m","time":"2016-02-01T19:34:18.768Z","v":0}
{"name":"hexo","hostname":"walter-notebook","pid":3623,"level":20,"msg":"Unchanged: \u001b[35mthemes/spfk/layout/_partial/post/share.ejs\u001b[39m","time":"2016-02-01T19:34:18.768Z","v":0}
{"name":"hexo","hostname":"walter-notebook","pid":3623,"level":20,"msg":"Unchanged: \u001b[35mthemes/spfk/layout/_partial/post/showshare.ejs\u001b[39m","time":"2016-02-01T19:34:18.768Z","v":0}
{"name":"hexo","hostname":"walter-notebook","pid":3623,"level":20,"msg":"Unchanged: \u001b[35mthemes/spfk/layout/_partial/post/swiftype.ejs\u001b[39m","time":"2016-02-01T19:34:18.768Z","v":0}
{"name":"hexo","hostname":"walter-notebook","pid":3623,"level":20,"msg":"Unchanged: \u001b[35mthemes/spfk/layout/_partial/post/tag.ejs\u001b[39m","time":"2016-02-01T19:34:18.769Z","v":0}
{"name":"hexo","hostname":"walter-notebook","pid":3623,"level":20,"msg":"Unchanged: \u001b[35mthemes/spfk/layout/_partial/post/title.ejs\u001b[39m","time":"2016-02-01T19:34:18.769Z","v":0}
{"name":"hexo","hostname":"walter-notebook","pid":3623,"level":20,"msg":"Unchanged: \u001b[35mthemes/spfk/layout/_partial/post-nav-button.ejs\u001b[39m","time":"2016-02-01T19:34:18.770Z","v":0}
{"name":"hexo","hostname":"walter-notebook","pid":3623,"level":20,"msg":"Unchanged: \u001b[35mthemes/spfk/layout/_partial/scrolling-button.ejs\u001b[39m","time":"2016-02-01T19:34:18.771Z","v":0}
{"name":"hexo","hostname":"walter-notebook","pid":3623,"level":20,"msg":"Unchanged: \u001b[35mthemes/spfk/layout/_partial/theme.swig\u001b[39m","time":"2016-02-01T19:34:18.771Z","v":0}
{"name":"hexo","hostname":"walter-notebook","pid":3623,"level":20,"msg":"Unchanged: \u001b[35mthemes/spfk/layout/_partial/toc.ejs\u001b[39m","time":"2016-02-01T19:34:18.771Z","v":0}
{"name":"hexo","hostname":"walter-notebook","pid":3623,"level":20,"msg":"Unchanged: \u001b[35mthemes/spfk/layout/_partial/work.swig\u001b[39m","time":"2016-02-01T19:34:18.771Z","v":0}
{"name":"hexo","hostname":"walter-notebook","pid":3623,"level":20,"msg":"Unchanged: \u001b[35mthemes/spfk/layout/archive.ejs\u001b[39m","time":"2016-02-01T19:34:18.772Z","v":0}
{"name":"hexo","hostname":"walter-notebook","pid":3623,"level":20,"msg":"Unchanged: \u001b[35mthemes/spfk/layout/category.ejs\u001b[39m","time":"2016-02-01T19:34:18.773Z","v":0}
{"name":"hexo","hostname":"walter-notebook","pid":3623,"level":20,"msg":"Unchanged: \u001b[35mthemes/spfk/layout/index.ejs\u001b[39m","time":"2016-02-01T19:34:18.774Z","v":0}
{"name":"hexo","hostname":"walter-notebook","pid":3623,"level":20,"msg":"Unchanged: \u001b[35mthemes/spfk/layout/layout.ejs\u001b[39m","time":"2016-02-01T19:34:18.774Z","v":0}
{"name":"hexo","hostname":"walter-notebook","pid":3623,"level":20,"msg":"Unchanged: \u001b[35mthemes/spfk/layout/page.ejs\u001b[39m","time":"2016-02-01T19:34:18.775Z","v":0}
{"name":"hexo","hostname":"walter-notebook","pid":3623,"level":20,"msg":"Unchanged: \u001b[35mthemes/spfk/layout/plugins.swig\u001b[39m","time":"2016-02-01T19:34:18.775Z","v":0}
{"name":"hexo","hostname":"walter-notebook","pid":3623,"level":20,"msg":"Unchanged: \u001b[35mthemes/spfk/layout/post.ejs\u001b[39m","time":"2016-02-01T19:34:18.775Z","v":0}
{"name":"hexo","hostname":"walter-notebook","pid":3623,"level":20,"msg":"Unchanged: \u001b[35mthemes/spfk/layout/tag.ejs\u001b[39m","time":"2016-02-01T19:34:18.776Z","v":0}
{"name":"hexo","hostname":"walter-notebook","pid":3623,"level":20,"msg":"Unchanged: \u001b[35mthemes/spfk/package.json\u001b[39m","time":"2016-02-01T19:34:18.776Z","v":0}
{"name":"hexo","hostname":"walter-notebook","pid":3623,"level":20,"msg":"Unchanged: \u001b[35mthemes/spfk/source/apple-touch-icon.png\u001b[39m","time":"2016-02-01T19:34:18.776Z","v":0}
{"name":"hexo","hostname":"walter-notebook","pid":3623,"level":20,"msg":"Unchanged: \u001b[35mthemes/spfk/source/css/_extend.styl\u001b[39m","time":"2016-02-01T19:34:18.776Z","v":0}
{"name":"hexo","hostname":"walter-notebook","pid":3623,"level":20,"msg":"Unchanged: \u001b[35mthemes/spfk/source/css/_partial/archive.styl\u001b[39m","time":"2016-02-01T19:34:18.777Z","v":0}
{"name":"hexo","hostname":"walter-notebook","pid":3623,"level":20,"msg":"Unchanged: \u001b[35mthemes/spfk/source/css/_partial/article.styl\u001b[39m","time":"2016-02-01T19:34:18.777Z","v":0}
{"name":"hexo","hostname":"walter-notebook","pid":3623,"level":20,"msg":"Unchanged: \u001b[35mthemes/spfk/source/css/_partial/baidushare.styl\u001b[39m","time":"2016-02-01T19:34:18.777Z","v":0}
{"name":"hexo","hostname":"walter-notebook","pid":3623,"level":20,"msg":"Unchanged: \u001b[35mthemes/spfk/source/css/_partial/customise/blockquote.styl\u001b[39m","time":"2016-02-01T19:34:18.778Z","v":0}
{"name":"hexo","hostname":"walter-notebook","pid":3623,"level":20,"msg":"Unchanged: \u001b[35mthemes/spfk/source/css/_partial/customise/code-block.styl\u001b[39m","time":"2016-02-01T19:34:18.781Z","v":0}
{"name":"hexo","hostname":"walter-notebook","pid":3623,"level":20,"msg":"Unchanged: \u001b[35mthemes/spfk/source/css/_partial/customise/inline-code.styl\u001b[39m","time":"2016-02-01T19:34:18.781Z","v":0}
{"name":"hexo","hostname":"walter-notebook","pid":3623,"level":20,"msg":"Unchanged: \u001b[35mthemes/spfk/source/css/_partial/footer.styl\u001b[39m","time":"2016-02-01T19:34:18.782Z","v":0}
{"name":"hexo","hostname":"walter-notebook","pid":3623,"level":20,"msg":"Unchanged: \u001b[35mthemes/spfk/source/css/_partial/header.styl\u001b[39m","time":"2016-02-01T19:34:18.782Z","v":0}
{"name":"hexo","hostname":"walter-notebook","pid":3623,"level":20,"msg":"Unchanged: \u001b[35mthemes/spfk/source/css/_partial/highlight.styl\u001b[39m","time":"2016-02-01T19:34:18.783Z","v":0}
{"name":"hexo","hostname":"walter-notebook","pid":3623,"level":20,"msg":"Unchanged: \u001b[35mthemes/spfk/source/css/_partial/instagram.styl\u001b[39m","time":"2016-02-01T19:34:18.783Z","v":0}
{"name":"hexo","hostname":"walter-notebook","pid":3623,"level":20,"msg":"Unchanged: \u001b[35mthemes/spfk/source/css/_partial/main.styl\u001b[39m","time":"2016-02-01T19:34:18.784Z","v":0}
{"name":"hexo","hostname":"walter-notebook","pid":3623,"level":20,"msg":"Unchanged: \u001b[35mthemes/spfk/source/css/_partial/mains.styl\u001b[39m","time":"2016-02-01T19:34:18.785Z","v":0}
{"name":"hexo","hostname":"walter-notebook","pid":3623,"level":20,"msg":"Unchanged: \u001b[35mthemes/spfk/source/css/_partial/mobile-slider.styl\u001b[39m","time":"2016-02-01T19:34:18.785Z","v":0}
{"name":"hexo","hostname":"walter-notebook","pid":3623,"level":20,"msg":"Unchanged: \u001b[35mthemes/spfk/source/css/_partial/mobile.styl\u001b[39m","time":"2016-02-01T19:34:18.786Z","v":0}
{"name":"hexo","hostname":"walter-notebook","pid":3623,"level":20,"msg":"Unchanged: \u001b[35mthemes/spfk/source/css/_partial/page.styl\u001b[39m","time":"2016-02-01T19:34:18.786Z","v":0}
{"name":"hexo","hostname":"walter-notebook","pid":3623,"level":20,"msg":"Unchanged: \u001b[35mthemes/spfk/source/css/_partial/plugins.styl\u001b[39m","time":"2016-02-01T19:34:18.789Z","v":0}
{"name":"hexo","hostname":"walter-notebook","pid":3623,"level":20,"msg":"Unchanged: \u001b[35mthemes/spfk/source/css/_partial/post/youyan.styl\u001b[39m","time":"2016-02-01T19:34:18.790Z","v":0}
{"name":"hexo","hostname":"walter-notebook","pid":3623,"level":20,"msg":"Unchanged: \u001b[35mthemes/spfk/source/css/_partial/scroll.styl\u001b[39m","time":"2016-02-01T19:34:18.790Z","v":0}
{"name":"hexo","hostname":"walter-notebook","pid":3623,"level":20,"msg":"Unchanged: \u001b[35mthemes/spfk/source/css/_partial/share.styl\u001b[39m","time":"2016-02-01T19:34:18.791Z","v":0}
{"name":"hexo","hostname":"walter-notebook","pid":3623,"level":20,"msg":"Unchanged: \u001b[35mthemes/spfk/source/css/_partial/tagcloud.styl\u001b[39m","time":"2016-02-01T19:34:18.791Z","v":0}
{"name":"hexo","hostname":"walter-notebook","pid":3623,"level":20,"msg":"Unchanged: \u001b[35mthemes/spfk/source/css/_partial/wheelmenu.styl\u001b[39m","time":"2016-02-01T19:34:18.791Z","v":0}
{"name":"hexo","hostname":"walter-notebook","pid":3623,"level":20,"msg":"Unchanged: \u001b[35mthemes/spfk/source/css/_util/grid.styl\u001b[39m","time":"2016-02-01T19:34:18.792Z","v":0}
{"name":"hexo","hostname":"walter-notebook","pid":3623,"level":20,"msg":"Unchanged: \u001b[35mthemes/spfk/source/css/_util/mixin.styl\u001b[39m","time":"2016-02-01T19:34:18.792Z","v":0}
{"name":"hexo","hostname":"walter-notebook","pid":3623,"level":20,"msg":"Unchanged: \u001b[35mthemes/spfk/source/css/_variables.styl\u001b[39m","time":"2016-02-01T19:34:18.793Z","v":0}
{"name":"hexo","hostname":"walter-notebook","pid":3623,"level":20,"msg":"Unchanged: \u001b[35mthemes/spfk/source/css/loading-style.css\u001b[39m","time":"2016-02-01T19:34:18.793Z","v":0}
{"name":"hexo","hostname":"walter-notebook","pid":3623,"level":20,"msg":"Unchanged: \u001b[35mthemes/spfk/source/css/pace/pace-theme-flash.css\u001b[39m","time":"2016-02-01T19:34:18.794Z","v":0}
{"name":"hexo","hostname":"walter-notebook","pid":3623,"level":20,"msg":"Unchanged: \u001b[35mthemes/spfk/source/css/showshare.css\u001b[39m","time":"2016-02-01T19:34:18.794Z","v":0}
{"name":"hexo","hostname":"walter-notebook","pid":3623,"level":20,"msg":"Unchanged: \u001b[35mthemes/spfk/source/css/style.styl\u001b[39m","time":"2016-02-01T19:34:18.794Z","v":0}
{"name":"hexo","hostname":"walter-notebook","pid":3623,"level":20,"msg":"Unchanged: \u001b[35mthemes/spfk/source/css/多说.css\u001b[39m","time":"2016-02-01T19:34:18.795Z","v":0}
{"name":"hexo","hostname":"walter-notebook","pid":3623,"level":20,"msg":"Unchanged: \u001b[35mthemes/spfk/source/fancybox/blank.gif\u001b[39m","time":"2016-02-01T19:34:18.796Z","v":0}
{"name":"hexo","hostname":"walter-notebook","pid":3623,"level":20,"msg":"Unchanged: \u001b[35mthemes/spfk/source/fancybox/fancybox_loading.gif\u001b[39m","time":"2016-02-01T19:34:18.797Z","v":0}
{"name":"hexo","hostname":"walter-notebook","pid":3623,"level":20,"msg":"Unchanged: \u001b[35mthemes/spfk/source/fancybox/fancybox_loading@2x.gif\u001b[39m","time":"2016-02-01T19:34:18.797Z","v":0}
{"name":"hexo","hostname":"walter-notebook","pid":3623,"level":20,"msg":"Unchanged: \u001b[35mthemes/spfk/source/fancybox/fancybox_overlay.png\u001b[39m","time":"2016-02-01T19:34:18.797Z","v":0}
{"name":"hexo","hostname":"walter-notebook","pid":3623,"level":20,"msg":"Unchanged: \u001b[35mthemes/spfk/source/fancybox/fancybox_sprite.png\u001b[39m","time":"2016-02-01T19:34:18.798Z","v":0}
{"name":"hexo","hostname":"walter-notebook","pid":3623,"level":20,"msg":"Unchanged: \u001b[35mthemes/spfk/source/fancybox/fancybox_sprite@2x.png\u001b[39m","time":"2016-02-01T19:34:18.798Z","v":0}
{"name":"hexo","hostname":"walter-notebook","pid":3623,"level":20,"msg":"Unchanged: \u001b[35mthemes/spfk/source/fancybox/helpers/fancybox_buttons.png\u001b[39m","time":"2016-02-01T19:34:18.798Z","v":0}
{"name":"hexo","hostname":"walter-notebook","pid":3623,"level":20,"msg":"Unchanged: \u001b[35mthemes/spfk/source/fancybox/helpers/jquery.fancybox-buttons.css\u001b[39m","time":"2016-02-01T19:34:18.799Z","v":0}
{"name":"hexo","hostname":"walter-notebook","pid":3623,"level":20,"msg":"Unchanged: \u001b[35mthemes/spfk/source/fancybox/helpers/jquery.fancybox-buttons.js\u001b[39m","time":"2016-02-01T19:34:18.799Z","v":0}
{"name":"hexo","hostname":"walter-notebook","pid":3623,"level":20,"msg":"Unchanged: \u001b[35mthemes/spfk/source/fancybox/helpers/jquery.fancybox-media.js\u001b[39m","time":"2016-02-01T19:34:18.801Z","v":0}
{"name":"hexo","hostname":"walter-notebook","pid":3623,"level":20,"msg":"Unchanged: \u001b[35mthemes/spfk/source/fancybox/helpers/jquery.fancybox-thumbs.css\u001b[39m","time":"2016-02-01T19:34:18.801Z","v":0}
{"name":"hexo","hostname":"walter-notebook","pid":3623,"level":20,"msg":"Unchanged: \u001b[35mthemes/spfk/source/fancybox/helpers/jquery.fancybox-thumbs.js\u001b[39m","time":"2016-02-01T19:34:18.802Z","v":0}
{"name":"hexo","hostname":"walter-notebook","pid":3623,"level":20,"msg":"Unchanged: \u001b[35mthemes/spfk/source/fancybox/jquery.fancybox.css\u001b[39m","time":"2016-02-01T19:34:18.802Z","v":0}
{"name":"hexo","hostname":"walter-notebook","pid":3623,"level":20,"msg":"Unchanged: \u001b[35mthemes/spfk/source/fancybox/jquery.fancybox.js\u001b[39m","time":"2016-02-01T19:34:18.802Z","v":0}
{"name":"hexo","hostname":"walter-notebook","pid":3623,"level":20,"msg":"Unchanged: \u001b[35mthemes/spfk/source/fancybox/jquery.fancybox.pack.js\u001b[39m","time":"2016-02-01T19:34:18.802Z","v":0}
{"name":"hexo","hostname":"walter-notebook","pid":3623,"level":20,"msg":"Unchanged: \u001b[35mthemes/spfk/source/font-awesome/css/font-awesome.css\u001b[39m","time":"2016-02-01T19:34:18.803Z","v":0}
{"name":"hexo","hostname":"walter-notebook","pid":3623,"level":20,"msg":"Unchanged: \u001b[35mthemes/spfk/source/font-awesome/css/font-awesome.min.css\u001b[39m","time":"2016-02-01T19:34:18.803Z","v":0}
{"name":"hexo","hostname":"walter-notebook","pid":3623,"level":20,"msg":"Unchanged: \u001b[35mthemes/spfk/source/img/coderwall.png\u001b[39m","time":"2016-02-01T19:34:18.803Z","v":0}
{"name":"hexo","hostname":"walter-notebook","pid":3623,"level":20,"msg":"Unchanged: \u001b[35mthemes/spfk/source/img/delicious.png\u001b[39m","time":"2016-02-01T19:34:18.804Z","v":0}
{"name":"hexo","hostname":"walter-notebook","pid":3623,"level":20,"msg":"Unchanged: \u001b[35mthemes/spfk/source/img/douban.png\u001b[39m","time":"2016-02-01T19:34:18.804Z","v":0}
{"name":"hexo","hostname":"walter-notebook","pid":3623,"level":20,"msg":"Unchanged: \u001b[35mthemes/spfk/source/img/facebook.png\u001b[39m","time":"2016-02-01T19:34:18.808Z","v":0}
{"name":"hexo","hostname":"walter-notebook","pid":3623,"level":20,"msg":"Unchanged: \u001b[35mthemes/spfk/source/img/favicon.png\u001b[39m","time":"2016-02-01T19:34:18.808Z","v":0}
{"name":"hexo","hostname":"walter-notebook","pid":3623,"level":20,"msg":"Unchanged: \u001b[35mthemes/spfk/source/img/github.png\u001b[39m","time":"2016-02-01T19:34:18.809Z","v":0}
{"name":"hexo","hostname":"walter-notebook","pid":3623,"level":20,"msg":"Unchanged: \u001b[35mthemes/spfk/source/img/google.png\u001b[39m","time":"2016-02-01T19:34:18.809Z","v":0}
{"name":"hexo","hostname":"walter-notebook","pid":3623,"level":20,"msg":"Unchanged: \u001b[35mthemes/spfk/source/img/img-err.png\u001b[39m","time":"2016-02-01T19:34:18.810Z","v":0}
{"name":"hexo","hostname":"walter-notebook","pid":3623,"level":20,"msg":"Unchanged: \u001b[35mthemes/spfk/source/img/img-loading.png\u001b[39m","time":"2016-02-01T19:34:18.811Z","v":0}
{"name":"hexo","hostname":"walter-notebook","pid":3623,"level":20,"msg":"Unchanged: \u001b[35mthemes/spfk/source/img/linkedin.png\u001b[39m","time":"2016-02-01T19:34:18.811Z","v":0}
{"name":"hexo","hostname":"walter-notebook","pid":3623,"level":20,"msg":"Unchanged: \u001b[35mthemes/spfk/source/img/mail.png\u001b[39m","time":"2016-02-01T19:34:18.812Z","v":0}
{"name":"hexo","hostname":"walter-notebook","pid":3623,"level":20,"msg":"Unchanged: \u001b[35mthemes/spfk/source/img/pinboard.png\u001b[39m","time":"2016-02-01T19:34:18.814Z","v":0}
{"name":"hexo","hostname":"walter-notebook","pid":3623,"level":20,"msg":"Unchanged: \u001b[35mthemes/spfk/source/img/pinterest.png\u001b[39m","time":"2016-02-01T19:34:18.815Z","v":0}
{"name":"hexo","hostname":"walter-notebook","pid":3623,"level":20,"msg":"Unchanged: \u001b[35mthemes/spfk/source/img/rss.png\u001b[39m","time":"2016-02-01T19:34:18.815Z","v":0}
{"name":"hexo","hostname":"walter-notebook","pid":3623,"level":20,"msg":"Unchanged: \u001b[35mthemes/spfk/source/img/scrollbar_arrow.png\u001b[39m","time":"2016-02-01T19:34:18.815Z","v":0}
{"name":"hexo","hostname":"walter-notebook","pid":3623,"level":20,"msg":"Unchanged: \u001b[35mthemes/spfk/source/img/stackoverflow.png\u001b[39m","time":"2016-02-01T19:34:18.816Z","v":0}
{"name":"hexo","hostname":"walter-notebook","pid":3623,"level":20,"msg":"Unchanged: \u001b[35mthemes/spfk/source/img/twitter.png\u001b[39m","time":"2016-02-01T19:34:18.816Z","v":0}
{"name":"hexo","hostname":"walter-notebook","pid":3623,"level":20,"msg":"Unchanged: \u001b[35mthemes/spfk/source/img/weibo.png\u001b[39m","time":"2016-02-01T19:34:18.816Z","v":0}
{"name":"hexo","hostname":"walter-notebook","pid":3623,"level":20,"msg":"Unchanged: \u001b[35mthemes/spfk/source/img/zhihu.png\u001b[39m","time":"2016-02-01T19:34:18.816Z","v":0}
{"name":"hexo","hostname":"walter-notebook","pid":3623,"level":20,"msg":"Unchanged: \u001b[35mthemes/spfk/source/js/404/jquery.parallaxify-0.0.2.min.js\u001b[39m","time":"2016-02-01T19:34:18.817Z","v":0}
{"name":"hexo","hostname":"walter-notebook","pid":3623,"level":20,"msg":"Unchanged: \u001b[35mthemes/spfk/source/js/TweenMax.js\u001b[39m","time":"2016-02-01T19:34:18.817Z","v":0}
{"name":"hexo","hostname":"walter-notebook","pid":3623,"level":20,"msg":"Unchanged: \u001b[35mthemes/spfk/source/js/clipboard.min.js\u001b[39m","time":"2016-02-01T19:34:18.817Z","v":0}
{"name":"hexo","hostname":"walter-notebook","pid":3623,"level":20,"msg":"Unchanged: \u001b[35mthemes/spfk/source/js/instagram.js\u001b[39m","time":"2016-02-01T19:34:18.817Z","v":0}
{"name":"hexo","hostname":"walter-notebook","pid":3623,"level":20,"msg":"Unchanged: \u001b[35mthemes/spfk/source/js/jquery.lazyload.js\u001b[39m","time":"2016-02-01T19:34:18.818Z","v":0}
{"name":"hexo","hostname":"walter-notebook","pid":3623,"level":20,"msg":"Unchanged: \u001b[35mthemes/spfk/source/js/main.js\u001b[39m","time":"2016-02-01T19:34:18.820Z","v":0}
{"name":"hexo","hostname":"walter-notebook","pid":3623,"level":20,"msg":"Unchanged: \u001b[35mthemes/spfk/source/js/mobile.js\u001b[39m","time":"2016-02-01T19:34:18.821Z","v":0}
{"name":"hexo","hostname":"walter-notebook","pid":3623,"level":20,"msg":"Unchanged: \u001b[35mthemes/spfk/source/js/pace.js\u001b[39m","time":"2016-02-01T19:34:18.821Z","v":0}
{"name":"hexo","hostname":"walter-notebook","pid":3623,"level":20,"msg":"Unchanged: \u001b[35mthemes/spfk/source/js/pc.js\u001b[39m","time":"2016-02-01T19:34:18.822Z","v":0}
{"name":"hexo","hostname":"walter-notebook","pid":3623,"level":20,"msg":"Unchanged: \u001b[35mthemes/spfk/source/js/plugins.js\u001b[39m","time":"2016-02-01T19:34:18.823Z","v":0}
{"name":"hexo","hostname":"walter-notebook","pid":3623,"level":20,"msg":"Unchanged: \u001b[35mthemes/spfk/source/font-awesome/fonts/FontAwesome.otf\u001b[39m","time":"2016-02-01T19:34:18.832Z","v":0}
{"name":"hexo","hostname":"walter-notebook","pid":3623,"level":20,"msg":"Unchanged: \u001b[35mthemes/spfk/source/font-awesome/fonts/fontawesome-webfont.eot\u001b[39m","time":"2016-02-01T19:34:18.833Z","v":0}
{"name":"hexo","hostname":"walter-notebook","pid":3623,"level":20,"msg":"Unchanged: \u001b[35mthemes/spfk/source/font-awesome/fonts/fontawesome-webfont.woff\u001b[39m","time":"2016-02-01T19:34:18.833Z","v":0}
{"name":"hexo","hostname":"walter-notebook","pid":3623,"level":20,"msg":"Unchanged: \u001b[35mthemes/spfk/source/font-awesome/fonts/fontawesome-webfont.woff2\u001b[39m","time":"2016-02-01T19:34:18.833Z","v":0}
{"name":"hexo","hostname":"walter-notebook","pid":3623,"level":20,"msg":"Unchanged: \u001b[35mthemes/spfk/source/img/head.jpg\u001b[39m","time":"2016-02-01T19:34:18.833Z","v":0}
{"name":"hexo","hostname":"walter-notebook","pid":3623,"level":20,"msg":"Unchanged: \u001b[35mthemes/spfk/source/js/404/jquery-2.0.3.min.js\u001b[39m","time":"2016-02-01T19:34:18.834Z","v":0}
{"name":"hexo","hostname":"walter-notebook","pid":3623,"level":20,"msg":"Unchanged: \u001b[35mthemes/spfk/source/js/TweenMax.min.js\u001b[39m","time":"2016-02-01T19:34:18.834Z","v":0}
{"name":"hexo","hostname":"walter-notebook","pid":3623,"level":20,"msg":"Unchanged: \u001b[35mthemes/spfk/source/background/bg-3.jpg\u001b[39m","time":"2016-02-01T19:34:18.845Z","v":0}
{"name":"hexo","hostname":"walter-notebook","pid":3623,"level":20,"msg":"Unchanged: \u001b[35mthemes/spfk/source/font-awesome/fonts/fontawesome-webfont.ttf\u001b[39m","time":"2016-02-01T19:34:18.846Z","v":0}
{"name":"hexo","hostname":"walter-notebook","pid":3623,"level":20,"msg":"Unchanged: \u001b[35mthemes/spfk/source/background/bg-10.jpg\u001b[39m","time":"2016-02-01T19:34:18.853Z","v":0}
{"name":"hexo","hostname":"walter-notebook","pid":3623,"level":20,"msg":"Unchanged: \u001b[35mthemes/spfk/source/background/bg-11.jpg\u001b[39m","time":"2016-02-01T19:34:18.853Z","v":0}
{"name":"hexo","hostname":"walter-notebook","pid":3623,"level":20,"msg":"Unchanged: \u001b[35mthemes/spfk/source/background/bg-14.jpg\u001b[39m","time":"2016-02-01T19:34:18.853Z","v":0}
{"name":"hexo","hostname":"walter-notebook","pid":3623,"level":20,"msg":"Unchanged: \u001b[35mthemes/spfk/source/background/bg-17.jpg\u001b[39m","time":"2016-02-01T19:34:18.853Z","v":0}
{"name":"hexo","hostname":"walter-notebook","pid":3623,"level":20,"msg":"Unchanged: \u001b[35mthemes/spfk/source/background/bg-7.jpg\u001b[39m","time":"2016-02-01T19:34:18.854Z","v":0}
{"name":"hexo","hostname":"walter-notebook","pid":3623,"level":20,"msg":"Unchanged: \u001b[35mthemes/spfk/source/background/bg-1.jpg\u001b[39m","time":"2016-02-01T19:34:18.862Z","v":0}
{"name":"hexo","hostname":"walter-notebook","pid":3623,"level":20,"msg":"Unchanged: \u001b[35mthemes/spfk/source/background/bg-15.jpg\u001b[39m","time":"2016-02-01T19:34:18.862Z","v":0}
{"name":"hexo","hostname":"walter-notebook","pid":3623,"level":20,"msg":"Unchanged: \u001b[35mthemes/spfk/source/background/bg-5.jpg\u001b[39m","time":"2016-02-01T19:34:18.863Z","v":0}
{"name":"hexo","hostname":"walter-notebook","pid":3623,"level":20,"msg":"Unchanged: \u001b[35mthemes/spfk/source/background/bg-13.jpg\u001b[39m","time":"2016-02-01T19:34:18.871Z","v":0}
{"name":"hexo","hostname":"walter-notebook","pid":3623,"level":20,"msg":"Unchanged: \u001b[35mthemes/spfk/source/background/bg-8.jpg\u001b[39m","time":"2016-02-01T19:34:18.871Z","v":0}
{"name":"hexo","hostname":"walter-notebook","pid":3623,"level":20,"msg":"Unchanged: \u001b[35mthemes/spfk/source/background/bg-9.jpg\u001b[39m","time":"2016-02-01T19:34:18.872Z","v":0}
{"name":"hexo","hostname":"walter-notebook","pid":3623,"level":20,"msg":"Unchanged: \u001b[35mthemes/spfk/source/font-awesome/fonts/fontawesome-webfont.svg\u001b[39m","time":"2016-02-01T19:34:18.872Z","v":0}
{"name":"hexo","hostname":"walter-notebook","pid":3623,"level":20,"msg":"Unchanged: \u001b[35mthemes/spfk/source/background/bg-19.jpg\u001b[39m","time":"2016-02-01T19:34:18.876Z","v":0}
{"name":"hexo","hostname":"walter-notebook","pid":3623,"level":20,"msg":"Unchanged: \u001b[35mthemes/spfk/source/background/bg-2.jpg\u001b[39m","time":"2016-02-01T19:34:18.877Z","v":0}
{"name":"hexo","hostname":"walter-notebook","pid":3623,"level":20,"msg":"Unchanged: \u001b[35mthemes/spfk/source/background/bg-22.jpg\u001b[39m","time":"2016-02-01T19:34:18.877Z","v":0}
{"name":"hexo","hostname":"walter-notebook","pid":3623,"level":20,"msg":"Unchanged: \u001b[35mthemes/spfk/source/background/bg-23.jpg\u001b[39m","time":"2016-02-01T19:34:18.877Z","v":0}
{"name":"hexo","hostname":"walter-notebook","pid":3623,"level":20,"msg":"Unchanged: \u001b[35mthemes/spfk/source/background/bg-4.jpg\u001b[39m","time":"2016-02-01T19:34:18.878Z","v":0}
{"name":"hexo","hostname":"walter-notebook","pid":3623,"level":20,"msg":"Unchanged: \u001b[35mthemes/spfk/source/background/bg.jpg\u001b[39m","time":"2016-02-01T19:34:18.878Z","v":0}
{"name":"hexo","hostname":"walter-notebook","pid":3623,"level":20,"msg":"Unchanged: \u001b[35mthemes/spfk/source/img/bg.jpg\u001b[39m","time":"2016-02-01T19:34:18.878Z","v":0}
{"name":"hexo","hostname":"walter-notebook","pid":3623,"level":20,"msg":"Unchanged: \u001b[35mthemes/spfk/source/background/bg-12.jpg\u001b[39m","time":"2016-02-01T19:34:18.880Z","v":0}
{"name":"hexo","hostname":"walter-notebook","pid":3623,"level":20,"msg":"Unchanged: \u001b[35mthemes/spfk/source/background/bg-6.jpg\u001b[39m","time":"2016-02-01T19:34:18.880Z","v":0}
{"name":"hexo","hostname":"walter-notebook","pid":3623,"level":20,"msg":"Unchanged: \u001b[35mthemes/spfk/source/background/bg-18.jpg\u001b[39m","time":"2016-02-01T19:34:18.883Z","v":0}
{"name":"hexo","hostname":"walter-notebook","pid":3623,"level":20,"msg":"Unchanged: \u001b[35mthemes/spfk/source/background/bg-20.jpg\u001b[39m","time":"2016-02-01T19:34:18.883Z","v":0}
{"name":"hexo","hostname":"walter-notebook","pid":3623,"level":20,"msg":"Unchanged: \u001b[35mthemes/spfk/source/background/bg-21.jpg\u001b[39m","time":"2016-02-01T19:34:18.884Z","v":0}
{"name":"hexo","hostname":"walter-notebook","pid":3623,"level":20,"msg":"Unchanged: \u001b[35mthemes/spfk/source/background/bg-16.jpg\u001b[39m","time":"2016-02-01T19:34:18.886Z","v":0}
{"name":"hexo","hostname":"walter-notebook","pid":3623,"level":20,"msg":"Processed: \u001b[35msource/background/bg-16.jpg\u001b[39m","time":"2016-02-01T19:34:18.890Z","v":0}
{"name":"hexo","hostname":"walter-notebook","pid":3623,"level":20,"msg":"Processed: \u001b[35msource/background/bg-21.jpg\u001b[39m","time":"2016-02-01T19:34:18.891Z","v":0}
{"name":"hexo","hostname":"walter-notebook","pid":3623,"level":20,"msg":"Processed: \u001b[35msource/background/bg-20.jpg\u001b[39m","time":"2016-02-01T19:34:18.891Z","v":0}
{"name":"hexo","hostname":"walter-notebook","pid":3623,"level":20,"msg":"Processed: \u001b[35msource/background/bg-18.jpg\u001b[39m","time":"2016-02-01T19:34:18.892Z","v":0}
{"name":"hexo","hostname":"walter-notebook","pid":3623,"level":20,"msg":"Processed: \u001b[35msource/background/bg-6.jpg\u001b[39m","time":"2016-02-01T19:34:18.892Z","v":0}
{"name":"hexo","hostname":"walter-notebook","pid":3623,"level":20,"msg":"Processed: \u001b[35msource/background/bg-12.jpg\u001b[39m","time":"2016-02-01T19:34:18.892Z","v":0}
{"name":"hexo","hostname":"walter-notebook","pid":3623,"level":20,"msg":"Processed: \u001b[35msource/img/bg.jpg\u001b[39m","time":"2016-02-01T19:34:18.893Z","v":0}
{"name":"hexo","hostname":"walter-notebook","pid":3623,"level":20,"msg":"Processed: \u001b[35msource/background/bg.jpg\u001b[39m","time":"2016-02-01T19:34:18.893Z","v":0}
{"name":"hexo","hostname":"walter-notebook","pid":3623,"level":20,"msg":"Processed: \u001b[35msource/background/bg-4.jpg\u001b[39m","time":"2016-02-01T19:34:18.894Z","v":0}
{"name":"hexo","hostname":"walter-notebook","pid":3623,"level":20,"msg":"Processed: \u001b[35msource/background/bg-23.jpg\u001b[39m","time":"2016-02-01T19:34:18.895Z","v":0}
{"name":"hexo","hostname":"walter-notebook","pid":3623,"level":20,"msg":"Processed: \u001b[35msource/background/bg-22.jpg\u001b[39m","time":"2016-02-01T19:34:18.895Z","v":0}
{"name":"hexo","hostname":"walter-notebook","pid":3623,"level":20,"msg":"Processed: \u001b[35msource/background/bg-2.jpg\u001b[39m","time":"2016-02-01T19:34:18.896Z","v":0}
{"name":"hexo","hostname":"walter-notebook","pid":3623,"level":20,"msg":"Processed: \u001b[35msource/background/bg-19.jpg\u001b[39m","time":"2016-02-01T19:34:18.897Z","v":0}
{"name":"hexo","hostname":"walter-notebook","pid":3623,"level":20,"msg":"Processed: \u001b[35msource/font-awesome/fonts/fontawesome-webfont.svg\u001b[39m","time":"2016-02-01T19:34:18.897Z","v":0}
{"name":"hexo","hostname":"walter-notebook","pid":3623,"level":20,"msg":"Processed: \u001b[35msource/background/bg-9.jpg\u001b[39m","time":"2016-02-01T19:34:18.898Z","v":0}
{"name":"hexo","hostname":"walter-notebook","pid":3623,"level":20,"msg":"Processed: \u001b[35msource/background/bg-8.jpg\u001b[39m","time":"2016-02-01T19:34:18.898Z","v":0}
{"name":"hexo","hostname":"walter-notebook","pid":3623,"level":20,"msg":"Processed: \u001b[35msource/background/bg-13.jpg\u001b[39m","time":"2016-02-01T19:34:18.899Z","v":0}
{"name":"hexo","hostname":"walter-notebook","pid":3623,"level":20,"msg":"Processed: \u001b[35msource/background/bg-5.jpg\u001b[39m","time":"2016-02-01T19:34:18.900Z","v":0}
{"name":"hexo","hostname":"walter-notebook","pid":3623,"level":20,"msg":"Processed: \u001b[35msource/background/bg-15.jpg\u001b[39m","time":"2016-02-01T19:34:18.900Z","v":0}
{"name":"hexo","hostname":"walter-notebook","pid":3623,"level":20,"msg":"Processed: \u001b[35msource/background/bg-1.jpg\u001b[39m","time":"2016-02-01T19:34:18.901Z","v":0}
{"name":"hexo","hostname":"walter-notebook","pid":3623,"level":20,"msg":"Processed: \u001b[35msource/background/bg-7.jpg\u001b[39m","time":"2016-02-01T19:34:18.901Z","v":0}
{"name":"hexo","hostname":"walter-notebook","pid":3623,"level":20,"msg":"Processed: \u001b[35msource/background/bg-17.jpg\u001b[39m","time":"2016-02-01T19:34:18.902Z","v":0}
{"name":"hexo","hostname":"walter-notebook","pid":3623,"level":20,"msg":"Processed: \u001b[35msource/background/bg-14.jpg\u001b[39m","time":"2016-02-01T19:34:18.903Z","v":0}
{"name":"hexo","hostname":"walter-notebook","pid":3623,"level":20,"msg":"Processed: \u001b[35msource/background/bg-11.jpg\u001b[39m","time":"2016-02-01T19:34:18.903Z","v":0}
{"name":"hexo","hostname":"walter-notebook","pid":3623,"level":20,"msg":"Processed: \u001b[35msource/background/bg-10.jpg\u001b[39m","time":"2016-02-01T19:34:18.905Z","v":0}
{"name":"hexo","hostname":"walter-notebook","pid":3623,"level":20,"msg":"Processed: \u001b[35msource/font-awesome/fonts/fontawesome-webfont.ttf\u001b[39m","time":"2016-02-01T19:34:18.906Z","v":0}
{"name":"hexo","hostname":"walter-notebook","pid":3623,"level":20,"msg":"Processed: \u001b[35msource/background/bg-3.jpg\u001b[39m","time":"2016-02-01T19:34:18.906Z","v":0}
{"name":"hexo","hostname":"walter-notebook","pid":3623,"level":20,"msg":"Processed: \u001b[35msource/js/TweenMax.min.js\u001b[39m","time":"2016-02-01T19:34:18.907Z","v":0}
{"name":"hexo","hostname":"walter-notebook","pid":3623,"level":20,"msg":"Processed: \u001b[35msource/js/404/jquery-2.0.3.min.js\u001b[39m","time":"2016-02-01T19:34:18.907Z","v":0}
{"name":"hexo","hostname":"walter-notebook","pid":3623,"level":20,"msg":"Processed: \u001b[35msource/img/head.jpg\u001b[39m","time":"2016-02-01T19:34:18.908Z","v":0}
{"name":"hexo","hostname":"walter-notebook","pid":3623,"level":20,"msg":"Processed: \u001b[35msource/font-awesome/fonts/fontawesome-webfont.woff2\u001b[39m","time":"2016-02-01T19:34:18.908Z","v":0}
{"name":"hexo","hostname":"walter-notebook","pid":3623,"level":20,"msg":"Processed: \u001b[35msource/font-awesome/fonts/fontawesome-webfont.woff\u001b[39m","time":"2016-02-01T19:34:18.909Z","v":0}
{"name":"hexo","hostname":"walter-notebook","pid":3623,"level":20,"msg":"Processed: \u001b[35msource/font-awesome/fonts/fontawesome-webfont.eot\u001b[39m","time":"2016-02-01T19:34:18.912Z","v":0}
{"name":"hexo","hostname":"walter-notebook","pid":3623,"level":20,"msg":"Processed: \u001b[35msource/font-awesome/fonts/FontAwesome.otf\u001b[39m","time":"2016-02-01T19:34:18.915Z","v":0}
{"name":"hexo","hostname":"walter-notebook","pid":3623,"level":20,"msg":"Processed: \u001b[35msource/js/plugins.js\u001b[39m","time":"2016-02-01T19:34:18.915Z","v":0}
{"name":"hexo","hostname":"walter-notebook","pid":3623,"level":20,"msg":"Processed: \u001b[35msource/js/pc.js\u001b[39m","time":"2016-02-01T19:34:18.916Z","v":0}
{"name":"hexo","hostname":"walter-notebook","pid":3623,"level":20,"msg":"Processed: \u001b[35msource/js/pace.js\u001b[39m","time":"2016-02-01T19:34:18.916Z","v":0}
{"name":"hexo","hostname":"walter-notebook","pid":3623,"level":20,"msg":"Processed: \u001b[35msource/js/mobile.js\u001b[39m","time":"2016-02-01T19:34:18.917Z","v":0}
{"name":"hexo","hostname":"walter-notebook","pid":3623,"level":20,"msg":"Processed: \u001b[35msource/js/main.js\u001b[39m","time":"2016-02-01T19:34:18.917Z","v":0}
{"name":"hexo","hostname":"walter-notebook","pid":3623,"level":20,"msg":"Processed: \u001b[35msource/js/jquery.lazyload.js\u001b[39m","time":"2016-02-01T19:34:18.918Z","v":0}
{"name":"hexo","hostname":"walter-notebook","pid":3623,"level":20,"msg":"Processed: \u001b[35msource/js/instagram.js\u001b[39m","time":"2016-02-01T19:34:18.918Z","v":0}
{"name":"hexo","hostname":"walter-notebook","pid":3623,"level":20,"msg":"Processed: \u001b[35msource/js/clipboard.min.js\u001b[39m","time":"2016-02-01T19:34:18.918Z","v":0}
{"name":"hexo","hostname":"walter-notebook","pid":3623,"level":20,"msg":"Processed: \u001b[35msource/js/TweenMax.js\u001b[39m","time":"2016-02-01T19:34:18.919Z","v":0}
{"name":"hexo","hostname":"walter-notebook","pid":3623,"level":20,"msg":"Processed: \u001b[35msource/js/404/jquery.parallaxify-0.0.2.min.js\u001b[39m","time":"2016-02-01T19:34:18.920Z","v":0}
{"name":"hexo","hostname":"walter-notebook","pid":3623,"level":20,"msg":"Processed: \u001b[35msource/img/zhihu.png\u001b[39m","time":"2016-02-01T19:34:18.920Z","v":0}
{"name":"hexo","hostname":"walter-notebook","pid":3623,"level":20,"msg":"Processed: \u001b[35msource/img/weibo.png\u001b[39m","time":"2016-02-01T19:34:18.922Z","v":0}
{"name":"hexo","hostname":"walter-notebook","pid":3623,"level":20,"msg":"Processed: \u001b[35msource/img/twitter.png\u001b[39m","time":"2016-02-01T19:34:18.922Z","v":0}
{"name":"hexo","hostname":"walter-notebook","pid":3623,"level":20,"msg":"Processed: \u001b[35msource/img/stackoverflow.png\u001b[39m","time":"2016-02-01T19:34:18.925Z","v":0}
{"name":"hexo","hostname":"walter-notebook","pid":3623,"level":20,"msg":"Processed: \u001b[35msource/img/scrollbar_arrow.png\u001b[39m","time":"2016-02-01T19:34:18.925Z","v":0}
{"name":"hexo","hostname":"walter-notebook","pid":3623,"level":20,"msg":"Processed: \u001b[35msource/img/rss.png\u001b[39m","time":"2016-02-01T19:34:18.926Z","v":0}
{"name":"hexo","hostname":"walter-notebook","pid":3623,"level":20,"msg":"Processed: \u001b[35msource/img/pinterest.png\u001b[39m","time":"2016-02-01T19:34:18.926Z","v":0}
{"name":"hexo","hostname":"walter-notebook","pid":3623,"level":20,"msg":"Processed: \u001b[35msource/img/pinboard.png\u001b[39m","time":"2016-02-01T19:34:18.927Z","v":0}
{"name":"hexo","hostname":"walter-notebook","pid":3623,"level":20,"msg":"Processed: \u001b[35msource/img/mail.png\u001b[39m","time":"2016-02-01T19:34:18.927Z","v":0}
{"name":"hexo","hostname":"walter-notebook","pid":3623,"level":20,"msg":"Processed: \u001b[35msource/img/linkedin.png\u001b[39m","time":"2016-02-01T19:34:18.928Z","v":0}
{"name":"hexo","hostname":"walter-notebook","pid":3623,"level":20,"msg":"Processed: \u001b[35msource/img/img-loading.png\u001b[39m","time":"2016-02-01T19:34:18.929Z","v":0}
{"name":"hexo","hostname":"walter-notebook","pid":3623,"level":20,"msg":"Processed: \u001b[35msource/img/img-err.png\u001b[39m","time":"2016-02-01T19:34:18.929Z","v":0}
{"name":"hexo","hostname":"walter-notebook","pid":3623,"level":20,"msg":"Processed: \u001b[35msource/img/google.png\u001b[39m","time":"2016-02-01T19:34:18.930Z","v":0}
{"name":"hexo","hostname":"walter-notebook","pid":3623,"level":20,"msg":"Processed: \u001b[35msource/img/github.png\u001b[39m","time":"2016-02-01T19:34:18.930Z","v":0}
{"name":"hexo","hostname":"walter-notebook","pid":3623,"level":20,"msg":"Processed: \u001b[35msource/img/favicon.png\u001b[39m","time":"2016-02-01T19:34:18.931Z","v":0}
{"name":"hexo","hostname":"walter-notebook","pid":3623,"level":20,"msg":"Processed: \u001b[35msource/img/facebook.png\u001b[39m","time":"2016-02-01T19:34:18.932Z","v":0}
{"name":"hexo","hostname":"walter-notebook","pid":3623,"level":20,"msg":"Processed: \u001b[35msource/img/douban.png\u001b[39m","time":"2016-02-01T19:34:18.932Z","v":0}
{"name":"hexo","hostname":"walter-notebook","pid":3623,"level":20,"msg":"Processed: \u001b[35msource/img/delicious.png\u001b[39m","time":"2016-02-01T19:34:18.933Z","v":0}
{"name":"hexo","hostname":"walter-notebook","pid":3623,"level":20,"msg":"Processed: \u001b[35msource/img/coderwall.png\u001b[39m","time":"2016-02-01T19:34:18.933Z","v":0}
{"name":"hexo","hostname":"walter-notebook","pid":3623,"level":20,"msg":"Processed: \u001b[35msource/font-awesome/css/font-awesome.min.css\u001b[39m","time":"2016-02-01T19:34:18.935Z","v":0}
{"name":"hexo","hostname":"walter-notebook","pid":3623,"level":20,"msg":"Processed: \u001b[35msource/font-awesome/css/font-awesome.css\u001b[39m","time":"2016-02-01T19:34:18.936Z","v":0}
{"name":"hexo","hostname":"walter-notebook","pid":3623,"level":20,"msg":"Processed: \u001b[35msource/fancybox/jquery.fancybox.pack.js\u001b[39m","time":"2016-02-01T19:34:18.939Z","v":0}
{"name":"hexo","hostname":"walter-notebook","pid":3623,"level":20,"msg":"Processed: \u001b[35msource/fancybox/jquery.fancybox.js\u001b[39m","time":"2016-02-01T19:34:18.940Z","v":0}
{"name":"hexo","hostname":"walter-notebook","pid":3623,"level":20,"msg":"Processed: \u001b[35msource/fancybox/jquery.fancybox.css\u001b[39m","time":"2016-02-01T19:34:18.940Z","v":0}
{"name":"hexo","hostname":"walter-notebook","pid":3623,"level":20,"msg":"Processed: \u001b[35msource/fancybox/helpers/jquery.fancybox-thumbs.js\u001b[39m","time":"2016-02-01T19:34:18.941Z","v":0}
{"name":"hexo","hostname":"walter-notebook","pid":3623,"level":20,"msg":"Processed: \u001b[35msource/fancybox/helpers/jquery.fancybox-thumbs.css\u001b[39m","time":"2016-02-01T19:34:18.941Z","v":0}
{"name":"hexo","hostname":"walter-notebook","pid":3623,"level":20,"msg":"Processed: \u001b[35msource/fancybox/helpers/jquery.fancybox-media.js\u001b[39m","time":"2016-02-01T19:34:18.942Z","v":0}
{"name":"hexo","hostname":"walter-notebook","pid":3623,"level":20,"msg":"Processed: \u001b[35msource/fancybox/helpers/jquery.fancybox-buttons.js\u001b[39m","time":"2016-02-01T19:34:18.942Z","v":0}
{"name":"hexo","hostname":"walter-notebook","pid":3623,"level":20,"msg":"Processed: \u001b[35msource/fancybox/helpers/jquery.fancybox-buttons.css\u001b[39m","time":"2016-02-01T19:34:18.943Z","v":0}
{"name":"hexo","hostname":"walter-notebook","pid":3623,"level":20,"msg":"Processed: \u001b[35msource/fancybox/helpers/fancybox_buttons.png\u001b[39m","time":"2016-02-01T19:34:18.943Z","v":0}
{"name":"hexo","hostname":"walter-notebook","pid":3623,"level":20,"msg":"Processed: \u001b[35msource/fancybox/fancybox_sprite@2x.png\u001b[39m","time":"2016-02-01T19:34:18.944Z","v":0}
{"name":"hexo","hostname":"walter-notebook","pid":3623,"level":20,"msg":"Processed: \u001b[35msource/fancybox/fancybox_sprite.png\u001b[39m","time":"2016-02-01T19:34:18.946Z","v":0}
{"name":"hexo","hostname":"walter-notebook","pid":3623,"level":20,"msg":"Processed: \u001b[35msource/fancybox/fancybox_overlay.png\u001b[39m","time":"2016-02-01T19:34:18.947Z","v":0}
{"name":"hexo","hostname":"walter-notebook","pid":3623,"level":20,"msg":"Processed: \u001b[35msource/fancybox/fancybox_loading@2x.gif\u001b[39m","time":"2016-02-01T19:34:18.947Z","v":0}
{"name":"hexo","hostname":"walter-notebook","pid":3623,"level":20,"msg":"Processed: \u001b[35msource/fancybox/fancybox_loading.gif\u001b[39m","time":"2016-02-01T19:34:18.948Z","v":0}
{"name":"hexo","hostname":"walter-notebook","pid":3623,"level":20,"msg":"Processed: \u001b[35msource/fancybox/blank.gif\u001b[39m","time":"2016-02-01T19:34:18.948Z","v":0}
{"name":"hexo","hostname":"walter-notebook","pid":3623,"level":20,"msg":"Processed: \u001b[35msource/css/多说.css\u001b[39m","time":"2016-02-01T19:34:18.949Z","v":0}
{"name":"hexo","hostname":"walter-notebook","pid":3623,"level":20,"msg":"Processed: \u001b[35msource/css/style.styl\u001b[39m","time":"2016-02-01T19:34:18.949Z","v":0}
{"name":"hexo","hostname":"walter-notebook","pid":3623,"level":20,"msg":"Processed: \u001b[35msource/css/showshare.css\u001b[39m","time":"2016-02-01T19:34:18.950Z","v":0}
{"name":"hexo","hostname":"walter-notebook","pid":3623,"level":20,"msg":"Processed: \u001b[35msource/css/pace/pace-theme-flash.css\u001b[39m","time":"2016-02-01T19:34:18.950Z","v":0}
{"name":"hexo","hostname":"walter-notebook","pid":3623,"level":20,"msg":"Processed: \u001b[35msource/css/loading-style.css\u001b[39m","time":"2016-02-01T19:34:18.950Z","v":0}
{"name":"hexo","hostname":"walter-notebook","pid":3623,"level":20,"msg":"Processed: \u001b[35msource/apple-touch-icon.png\u001b[39m","time":"2016-02-01T19:34:18.952Z","v":0}
{"name":"hexo","hostname":"walter-notebook","pid":3623,"level":20,"msg":"Processed: \u001b[35mlayout/tag.ejs\u001b[39m","time":"2016-02-01T19:34:18.954Z","v":0}
{"name":"hexo","hostname":"walter-notebook","pid":3623,"level":20,"msg":"Processed: \u001b[35mlayout/post.ejs\u001b[39m","time":"2016-02-01T19:34:18.955Z","v":0}
{"name":"hexo","hostname":"walter-notebook","pid":3623,"level":20,"msg":"Processed: \u001b[35mlayout/plugins.swig\u001b[39m","time":"2016-02-01T19:34:18.958Z","v":0}
{"name":"hexo","hostname":"walter-notebook","pid":3623,"level":20,"msg":"Processed: \u001b[35mlayout/page.ejs\u001b[39m","time":"2016-02-01T19:34:18.959Z","v":0}
{"name":"hexo","hostname":"walter-notebook","pid":3623,"level":20,"msg":"Processed: \u001b[35mlayout/layout.ejs\u001b[39m","time":"2016-02-01T19:34:18.960Z","v":0}
{"name":"hexo","hostname":"walter-notebook","pid":3623,"level":20,"msg":"Processed: \u001b[35mlayout/index.ejs\u001b[39m","time":"2016-02-01T19:34:18.960Z","v":0}
{"name":"hexo","hostname":"walter-notebook","pid":3623,"level":20,"msg":"Processed: \u001b[35mlayout/category.ejs\u001b[39m","time":"2016-02-01T19:34:18.961Z","v":0}
{"name":"hexo","hostname":"walter-notebook","pid":3623,"level":20,"msg":"Processed: \u001b[35mlayout/archive.ejs\u001b[39m","time":"2016-02-01T19:34:18.961Z","v":0}
{"name":"hexo","hostname":"walter-notebook","pid":3623,"level":20,"msg":"Processed: \u001b[35mlayout/_partial/work.swig\u001b[39m","time":"2016-02-01T19:34:18.962Z","v":0}
{"name":"hexo","hostname":"walter-notebook","pid":3623,"level":20,"msg":"Processed: \u001b[35mlayout/_partial/toc.ejs\u001b[39m","time":"2016-02-01T19:34:18.963Z","v":0}
{"name":"hexo","hostname":"walter-notebook","pid":3623,"level":20,"msg":"Processed: \u001b[35mlayout/_partial/theme.swig\u001b[39m","time":"2016-02-01T19:34:18.964Z","v":0}
{"name":"hexo","hostname":"walter-notebook","pid":3623,"level":20,"msg":"Processed: \u001b[35mlayout/_partial/scrolling-button.ejs\u001b[39m","time":"2016-02-01T19:34:18.964Z","v":0}
{"name":"hexo","hostname":"walter-notebook","pid":3623,"level":20,"msg":"Processed: \u001b[35mlayout/_partial/post-nav-button.ejs\u001b[39m","time":"2016-02-01T19:34:18.966Z","v":0}
{"name":"hexo","hostname":"walter-notebook","pid":3623,"level":20,"msg":"Processed: \u001b[35mlayout/_partial/post/title.ejs\u001b[39m","time":"2016-02-01T19:34:18.967Z","v":0}
{"name":"hexo","hostname":"walter-notebook","pid":3623,"level":20,"msg":"Processed: \u001b[35mlayout/_partial/post/tag.ejs\u001b[39m","time":"2016-02-01T19:34:18.967Z","v":0}
{"name":"hexo","hostname":"walter-notebook","pid":3623,"level":20,"msg":"Processed: \u001b[35mlayout/_partial/post/swiftype.ejs\u001b[39m","time":"2016-02-01T19:34:18.968Z","v":0}
{"name":"hexo","hostname":"walter-notebook","pid":3623,"level":20,"msg":"Processed: \u001b[35mlayout/_partial/post/showshare.ejs\u001b[39m","time":"2016-02-01T19:34:18.969Z","v":0}
{"name":"hexo","hostname":"walter-notebook","pid":3623,"level":20,"msg":"Processed: \u001b[35mlayout/_partial/post/share.ejs\u001b[39m","time":"2016-02-01T19:34:18.971Z","v":0}
{"name":"hexo","hostname":"walter-notebook","pid":3623,"level":20,"msg":"Processed: \u001b[35mlayout/_partial/post/nav.ejs\u001b[39m","time":"2016-02-01T19:34:18.972Z","v":0}
{"name":"hexo","hostname":"walter-notebook","pid":3623,"level":20,"msg":"Processed: \u001b[35mlayout/_partial/post/loading.ejs\u001b[39m","time":"2016-02-01T19:34:18.973Z","v":0}
{"name":"hexo","hostname":"walter-notebook","pid":3623,"level":20,"msg":"Processed: \u001b[35mlayout/_partial/post/date.ejs\u001b[39m","time":"2016-02-01T19:34:18.973Z","v":0}
{"name":"hexo","hostname":"walter-notebook","pid":3623,"level":20,"msg":"Processed: \u001b[35mlayout/_partial/post/category.ejs\u001b[39m","time":"2016-02-01T19:34:18.974Z","v":0}
{"name":"hexo","hostname":"walter-notebook","pid":3623,"level":20,"msg":"Processed: \u001b[35mlayout/_partial/post/baidu_analytics.ejs\u001b[39m","time":"2016-02-01T19:34:18.976Z","v":0}
{"name":"hexo","hostname":"walter-notebook","pid":3623,"level":20,"msg":"Processed: \u001b[35mlayout/_partial/post/baidu-share.ejs\u001b[39m","time":"2016-02-01T19:34:18.977Z","v":0}
{"name":"hexo","hostname":"walter-notebook","pid":3623,"level":20,"msg":"Processed: \u001b[35mlayout/_partial/post/TipTitle.ejs\u001b[39m","time":"2016-02-01T19:34:18.978Z","v":0}
{"name":"hexo","hostname":"walter-notebook","pid":3623,"level":20,"msg":"Processed: \u001b[35mlayout/_partial/plugin.swig\u001b[39m","time":"2016-02-01T19:34:18.979Z","v":0}
{"name":"hexo","hostname":"walter-notebook","pid":3623,"level":20,"msg":"Processed: \u001b[35mlayout/_partial/page.ejs\u001b[39m","time":"2016-02-01T19:34:18.980Z","v":0}
{"name":"hexo","hostname":"walter-notebook","pid":3623,"level":20,"msg":"Processed: \u001b[35mlayout/_partial/mobile-nav.ejs\u001b[39m","time":"2016-02-01T19:34:18.981Z","v":0}
{"name":"hexo","hostname":"walter-notebook","pid":3623,"level":20,"msg":"Processed: \u001b[35mlayout/_partial/mathjax.ejs\u001b[39m","time":"2016-02-01T19:34:18.982Z","v":0}
{"name":"hexo","hostname":"walter-notebook","pid":3623,"level":20,"msg":"Processed: \u001b[35mlayout/_partial/left-col.ejs\u001b[39m","time":"2016-02-01T19:34:18.982Z","v":0}
{"name":"hexo","hostname":"walter-notebook","pid":3623,"level":20,"msg":"Processed: \u001b[35mlayout/_partial/hide-labels.ejs\u001b[39m","time":"2016-02-01T19:34:18.983Z","v":0}
{"name":"hexo","hostname":"walter-notebook","pid":3623,"level":20,"msg":"Processed: \u001b[35mlayout/_partial/header.ejs\u001b[39m","time":"2016-02-01T19:34:18.984Z","v":0}
{"name":"hexo","hostname":"walter-notebook","pid":3623,"level":20,"msg":"Processed: \u001b[35mlayout/_partial/head.ejs\u001b[39m","time":"2016-02-01T19:34:18.984Z","v":0}
{"name":"hexo","hostname":"walter-notebook","pid":3623,"level":20,"msg":"Processed: \u001b[35mlayout/_partial/google-analytics.ejs\u001b[39m","time":"2016-02-01T19:34:18.985Z","v":0}
{"name":"hexo","hostname":"walter-notebook","pid":3623,"level":20,"msg":"Processed: \u001b[35mlayout/_partial/footer.ejs\u001b[39m","time":"2016-02-01T19:34:18.986Z","v":0}
{"name":"hexo","hostname":"walter-notebook","pid":3623,"level":20,"msg":"Processed: \u001b[35mlayout/_partial/comments/youyan.ejs\u001b[39m","time":"2016-02-01T19:34:18.987Z","v":0}
{"name":"hexo","hostname":"walter-notebook","pid":3623,"level":20,"msg":"Processed: \u001b[35mlayout/_partial/comments/duoshuo.ejs\u001b[39m","time":"2016-02-01T19:34:18.988Z","v":0}
{"name":"hexo","hostname":"walter-notebook","pid":3623,"level":20,"msg":"Processed: \u001b[35mlayout/_partial/comments/disqus.ejs\u001b[39m","time":"2016-02-01T19:34:18.989Z","v":0}
{"name":"hexo","hostname":"walter-notebook","pid":3623,"level":20,"msg":"Processed: \u001b[35mlayout/_partial/case.swig\u001b[39m","time":"2016-02-01T19:34:18.989Z","v":0}
{"name":"hexo","hostname":"walter-notebook","pid":3623,"level":20,"msg":"Processed: \u001b[35mlayout/_partial/bodybackground.ejs\u001b[39m","time":"2016-02-01T19:34:18.990Z","v":0}
{"name":"hexo","hostname":"walter-notebook","pid":3623,"level":20,"msg":"Processed: \u001b[35mlayout/_partial/background.ejs\u001b[39m","time":"2016-02-01T19:34:18.991Z","v":0}
{"name":"hexo","hostname":"walter-notebook","pid":3623,"level":20,"msg":"Processed: \u001b[35mlayout/_partial/article.ejs\u001b[39m","time":"2016-02-01T19:34:18.991Z","v":0}
{"name":"hexo","hostname":"walter-notebook","pid":3623,"level":20,"msg":"Processed: \u001b[35mlayout/_partial/archive.ejs\u001b[39m","time":"2016-02-01T19:34:18.992Z","v":0}
{"name":"hexo","hostname":"walter-notebook","pid":3623,"level":20,"msg":"Processed: \u001b[35mlayout/_partial/archive-post.ejs\u001b[39m","time":"2016-02-01T19:34:18.993Z","v":0}
{"name":"hexo","hostname":"walter-notebook","pid":3623,"level":20,"msg":"Processed: \u001b[35mlayout/_partial/after-footer.ejs\u001b[39m","time":"2016-02-01T19:34:18.994Z","v":0}
{"name":"hexo","hostname":"walter-notebook","pid":3623,"level":20,"msg":"Processed: \u001b[35mlanguages/zh.yml\u001b[39m","time":"2016-02-01T19:34:18.997Z","v":0}
{"name":"hexo","hostname":"walter-notebook","pid":3623,"level":20,"msg":"Processed: \u001b[35mlanguages/zh-tw.yml\u001b[39m","time":"2016-02-01T19:34:19.003Z","v":0}
{"name":"hexo","hostname":"walter-notebook","pid":3623,"level":20,"msg":"Processed: \u001b[35mlanguages/zh-hk.yml\u001b[39m","time":"2016-02-01T19:34:19.004Z","v":0}
{"name":"hexo","hostname":"walter-notebook","pid":3623,"level":20,"msg":"Processed: \u001b[35mlanguages/zh-Hans.yml\u001b[39m","time":"2016-02-01T19:34:19.011Z","v":0}
{"name":"hexo","hostname":"walter-notebook","pid":3623,"level":20,"msg":"Processed: \u001b[35mlanguages/ru.yml\u001b[39m","time":"2016-02-01T19:34:19.015Z","v":0}
{"name":"hexo","hostname":"walter-notebook","pid":3623,"level":20,"msg":"Processed: \u001b[35mlanguages/fr-FR.yml\u001b[39m","time":"2016-02-01T19:34:19.016Z","v":0}
{"name":"hexo","hostname":"walter-notebook","pid":3623,"level":20,"msg":"Processed: \u001b[35mlanguages/en.yml\u001b[39m","time":"2016-02-01T19:34:19.018Z","v":0}
{"name":"hexo","hostname":"walter-notebook","pid":3623,"level":20,"msg":"Processed: \u001b[35mlanguages/default.yml\u001b[39m","time":"2016-02-01T19:34:19.021Z","v":0}
{"name":"hexo","hostname":"walter-notebook","pid":3623,"level":20,"msg":"Processed: \u001b[35mlanguages/de.yml\u001b[39m","time":"2016-02-01T19:34:19.023Z","v":0}
{"name":"hexo","hostname":"walter-notebook","pid":3623,"level":20,"msg":"Theme config loaded.","time":"2016-02-01T19:34:19.026Z","v":0}
{"name":"hexo","hostname":"walter-notebook","pid":3623,"level":20,"msg":"Processed: \u001b[35m_config.yml\u001b[39m","time":"2016-02-01T19:34:19.027Z","v":0}
{"name":"hexo","hostname":"walter-notebook","pid":3623,"level":20,"msg":"Generator: \u001b[35mpage\u001b[39m","time":"2016-02-01T19:34:19.555Z","v":0}
{"name":"hexo","hostname":"walter-notebook","pid":3623,"level":20,"msg":"Generator: \u001b[35mpost\u001b[39m","time":"2016-02-01T19:34:19.555Z","v":0}
{"name":"hexo","hostname":"walter-notebook","pid":3623,"level":20,"msg":"Generator: \u001b[35marchive\u001b[39m","time":"2016-02-01T19:34:19.555Z","v":0}
{"name":"hexo","hostname":"walter-notebook","pid":3623,"level":20,"msg":"Generator: \u001b[35mcategory\u001b[39m","time":"2016-02-01T19:34:19.556Z","v":0}
{"name":"hexo","hostname":"walter-notebook","pid":3623,"level":20,"msg":"Generator: \u001b[35mindex\u001b[39m","time":"2016-02-01T19:34:19.556Z","v":0}
{"name":"hexo","hostname":"walter-notebook","pid":3623,"level":20,"msg":"Generator: \u001b[35mtag\u001b[39m","time":"2016-02-01T19:34:19.556Z","v":0}
{"name":"hexo","hostname":"walter-notebook","pid":3623,"level":20,"msg":"Generator: \u001b[35masset\u001b[39m","time":"2016-02-01T19:34:19.560Z","v":0}
{"name":"hexo","hostname":"walter-notebook","pid":3623,"level":30,"msg":"Hexo is running at \u001b[4mhttp://0.0.0.0:4000/\u001b[24m. Press Ctrl+C to stop.","time":"2016-02-01T19:34:19.587Z","v":0}
{"name":"hexo","hostname":"walter-notebook","pid":3623,"level":20,"msg":"Database saved","time":"2016-02-01T19:34:19.602Z","v":0}
{"name":"hexo","hostname":"walter-notebook","pid":3623,"level":20,"msg":"Rendering index: \u001b[35mindex.html\u001b[39m","time":"2016-02-01T19:34:23.704Z","v":0}
{"name":"hexo","hostname":"walter-notebook","pid":3623,"level":30,"msg":"Farewell","time":"2016-02-01T19:35:10.696Z","v":0}
{"name":"hexo","hostname":"walter-notebook","pid":3623,"level":20,"msg":"Database saved","time":"2016-02-01T19:35:10.704Z","v":0}
